<?xml version="1.0" encoding="UTF-8"?>
<testsuite name="ru.netology.CardDeliveryTest" tests="1" skipped="0" failures="0" errors="0" timestamp="2024-12-05T20:34:30" hostname="LAPTOP-VE65FJI9" time="15.177">
  <properties/>
  <testcase name="shouldBeSuccessfulOrder()" classname="ru.netology.CardDeliveryTest" time="15.177"/>
  <system-out><![CDATA[]]></system-out>
  <system-err><![CDATA[SLF4J: No SLF4J providers were found.
SLF4J: Defaulting to no-operation (NOP) logger implementation
SLF4J: See https://www.slf4j.org/codes.html#noProviders for further details.
дек. 05, 2024 11:34:34 PM org.openqa.selenium.devtools.CdpVersionFinder findNearestMatch
WARNING: Unable to find CDP implementation matching 131
дек. 05, 2024 11:34:34 PM org.openqa.selenium.chromium.ChromiumDriver lambda$new$5
WARNING: Unable to find version of CDP to use for 131.0.6778.87. You may need to include a dependency on a specific version of the CDP using something similar to `org.seleniumhq.selenium:selenium-devtools-v86:4.11.0` where the version ("v86") matches the version of the chromium-based browser you're using and the version number of the artifact is the same as Selenium's.
]]></system-err>
</testsuite>
